<?xml version="1.0" encoding="UTF-8"?>
<!-- Generated by org.testng.reporters.JUnitReportReporter -->
<testsuite hostname="s1-pc" name="KeywordDD.LoginDDT" tests="1" failures="0" timestamp="23 Sep 2015 02:12:56 GMT" time="1.599" errors="0">
  <testcase name="test" time="1.599" classname="KeywordDD.LoginDDT"/>
</testsuite> <!-- KeywordDD.LoginDDT -->
