<?xml version="1.0" encoding="UTF-8"?>
<!-- Generated by org.testng.reporters.JUnitReportReporter -->
<testsuite hostname="s1-pc" name="KeywordDD.TestNG" tests="1" failures="0" timestamp="21 Sep 2015 13:52:02 GMT" time="13.894" errors="0">
  <testcase name="startup2" time="13.894" classname="KeywordDD.TestNG"/>
</testsuite> <!-- KeywordDD.TestNG -->
