<?xml version="1.0" encoding="UTF-8"?>
<!-- Generated by org.testng.reporters.JUnitReportReporter -->
<testsuite hostname="s1-pc" name="KeywordDD.GmailLoginUsingReflection" tests="1" failures="0" timestamp="23 Sep 2015 02:15:29 GMT" time="13.507" errors="0">
  <testcase name="LoginTest" time="13.507" classname="KeywordDD.GmailLoginUsingReflection"/>
</testsuite> <!-- KeywordDD.GmailLoginUsingReflection -->
