<?xml version="1.0" encoding="UTF-8"?>
<!-- Generated by org.testng.reporters.JUnitReportReporter -->
<testsuite hostname="s1-pc" name="KeywordDD.KeywordTest" tests="1" failures="0" timestamp="21 Sep 2015 12:08:46 GMT" time="9.712" errors="0">
  <testcase name="StartupKDD" time="9.712" classname="KeywordDD.KeywordTest"/>
</testsuite> <!-- KeywordDD.KeywordTest -->
